<?xml version="1.0" encoding="UTF-8"?>
<!-- Generated by org.testng.reporters.JUnitReportReporter -->
<testsuite skipped="0" hostname="DESKTOP-23K18JC" name="WebdriverTest.Generic.App" tests="1" failures="0" timestamp="29 Apr 2019 07:23:25 GMT" time="0.009" errors="0">
  <testcase name="tst" time="0.009" classname="WebdriverTest.Generic.App"/>
</testsuite> <!-- WebdriverTest.Generic.App -->
